tur-story Paz Ağu 30 12:08:44 +03 2020	0/0	Error 10002
tur-story Paz Ağu 30 12:09:08 +03 2020	314/324	~0.96913580246913580247
tur-story Paz Ağu 30 12:10:21 +03 2020	315/324	~0.97222222222222222222
tur-story Paz Ağu 30 22:36:06 +03 2020	320/324	~0.98765432098765432099
w2.txt Paz Ağu 30 22:45:05 +03 2020	8628/21370	~0.40374356574637342068
w2.txt Paz Ağu 30 23:13:09 +03 2020	8877/21370	~0.41539541413196069256
w2.txt Paz Ağu 30 23:19:00 +03 2020	9076/21364	~0.42482681145852836547
w2.txt Pzt Ağu 31 00:14:31 +03 2020	9401/21360	~0.44012172284644194757
w2.txt Pzt Ağu 31 00:20:05 +03 2020	9497/21360	~0.44461610486891385768
w2.txt Pzt Ağu 31 10:05:50 +03 2020	9497/21360	~0.44461610486891385768
w2.txt Pzt Ağu 31 10:20:16 +03 2020	9853/21360	~0.46128277153558052434
w2.txt Pzt Ağu 31 10:29:19 +03 2020	9853/21360	~0.46128277153558052434
w2.txt Pzt Ağu 31 10:29:55 +03 2020	9878/21360	~0.46245318352059925094
w2.txt Pzt Ağu 31 10:32:54 +03 2020	9904/21360	~0.46367041198501872659
w2.txt Pzt Ağu 31 10:34:12 +03 2020	9950/21360	~0.46582397003745318352
w2.txt Pzt Ağu 31 10:36:29 +03 2020	10050/21360	~0.47050561797752808989
w2.txt Pzt Ağu 31 10:39:20 +03 2020	10177/21360	~0.47645131086142322097
w2.txt Pzt Ağu 31 10:44:39 +03 2020	10316/21360	~0.48295880149812734082
w2.txt Pzt Ağu 31 16:21:58 +03 2020	10316/21360	~0.48295880149812734082
w2.txt Pzt Ağu 31 16:37:44 +03 2020	10636/21360	~0.49794007490636704120
w2.txt Pzt Ağu 31 16:53:36 +03 2020	10908/21359	~0.51069806638887588370
w1.txt Pzt Ağu 31 16:54:14 +03 2020	187440/417019	~0.44947592315937643129
w3.txt Pzt Ağu 31 16:54:48 +03 2020	73396/166809	~0.44000023979521488649
w4.txt Pzt Ağu 31 16:58:30 +03 2020	3979654/8343730	~0.47696342043666321897
w2.txt Pzt Ağu 31 16:59:20 +03 2020	10908/21359	~0.51069806638887588370
w2.txt Pzt Ağu 31 17:10:53 +03 2020	11062/21359	~0.51790814176693665434
w2.txt Pzt Ağu 31 19:58:29 +03 2020	11062/21359	~0.51790814176693665434
w2.txt Pzt Ağu 31 20:12:20 +03 2020	11243/21358	~0.52640696694447045604
w2.txt Pzt Ağu 31 20:26:55 +03 2020	11582/21358	~0.54227923962917876206
w2.txt Pzt Ağu 31 21:25:21 +03 2020	11658/21352	~0.54599100786811539903
w2.txt Pzt Ağu 31 21:35:22 +03 2020	11719/21352	~0.54884788310228550019
w2.txt Pzt Ağu 31 21:40:35 +03 2020	11746/21352	~0.55011240164855751218
w3.txt Pzt Ağu 31 21:41:08 +03 2020	75738/166808	~0.45404297156011702077
w1.txt Pzt Ağu 31 21:41:31 +03 2020	192483/417005	~0.46158439347250032973
w4.txt Pzt Ağu 31 21:45:19 +03 2020	4063380/8342190	~0.48708792295548291276
w4.txt Sal Eyl 1 10:46:50 +03 2020	4063380/8342190	~0.48708792295548291276
w4.txt Sal Eyl 1 11:45:49 +03 2020	4127436/8341915	~0.49478279268009803504
w4.txt Sal Eyl 1 12:33:13 +03 2020	4280710/8341250	~0.51319766222089015435
w4.txt Sal Eyl 1 13:39:55 +03 2020	4351010/8341216	~0.52162778184859377817
w4.txt Sal Eyl 1 14:04:36 +03 2020	4375515/8341202	~0.52456648334376748099
w4.txt Sal Eyl 1 14:24:00 +03 2020	4402030/8341147	~0.52774876165112543874
w4.txt Çrş Eyl 2 22:05:57 +03 2020	4406086/8341147	~0.52823502571049281352
w4.txt Prş Eyl 3 12:59:03 +03 2020	4472155/8340825	~0.53617657725704591572
w4.txt Prş Eyl 3 13:27:15 +03 2020	4559353/8340773	~0.54663434672062169777
w4.txt Prş Eyl 3 15:52:21 +03 2020	4681677/8339498	~0.56138594913027139044
w4.txt Prş Eyl 3 17:32:23 +03 2020	4739728/8339404	~0.56835332596909803147
w4.txt Prş Eyl 3 22:57:20 +03 2020	4803457/8339357	~0.57599848525491833483
w3.txt Prş Eyl 3 23:07:41 +03 2020	86899/166798	~0.52098346502955670931
w2.txt Prş Eyl 3 23:07:55 +03 2020	12731/21351	~0.59627183738466582361
w1.txt Prş Eyl 3 23:08:18 +03 2020	210587/416957	~0.50505687636854639687
w4.txt Prş Eyl 3 23:25:42 +03 2020	4831170/8339345	~0.57932247676526154032
w4.txt Cum Eyl 4 18:55:22 +03 2020	4847627/8339177	~0.58130760385587210824
w4.txt Cum Eyl 4 20:53:23 +03 2020	4932168/8338905	~0.59146470669710231739
w4.txt Paz Eyl 6 01:34:23 +03 2020	4990700/8338052	~0.59854507983399479879
w4.txt Paz Eyl 6 11:42:19 +03 2020	5005171/8338045	~0.60028112105415598021
w4.txt Paz Eyl 6 22:18:23 +03 2020	5276185/8282253	~0.63704706919723413424
w4.txt Pzt Eyl 7 00:10:01 +03 2020	5338484/8280804	~0.64468184490298285046
w4.txt Cum Eyl 11 00:51:58 +03 2020	5506862/8278635	~0.66518961157243917627
w4.txt Paz Eyl 13 15:44:48 +03 2020	5173455/7690306	~0.67272420629296155446
w4.txt Pzt Eyl 14 00:19:11 +03 2020	5352439/7843263	~0.68242503152068214466
w4.txt Sal Eyl 15 07:34:53 +03 2020	5661898/8276359	~0.68410493068268304939
w4.txt Sal Eyl 15 14:03:02 +03 2020	5692491/8276053	~0.68782679376267890020
w4.txt Sal Eyl 15 16:24:56 +03 2020	5729285/8275495	~0.69231931141279162153
w4.txt Cum Eyl 18 16:45:41 +03 2020	5841833/8271923	~0.70622429633351277569
w4.txt Cts Eyl 19 15:32:36 +03 2020	5965444/8269858	~0.72134781516200157246
w4.txt Sal Eyl 22 12:12:00 +03 2020	6062633/8268098	~0.73325606445400139186
w4.txt Çrş Eyl 23 11:31:52 +03 2020	6090965/8267050	~0.73677611723649911395
w4.txt Cts Eyl 26 13:45:02 +03 2020	4219672/5636742	~0.74860123099478386628
w4.txt Paz Eyl 27 14:40:16 +03 2020	6198058/8264020	~0.75000520327879167766
w4.txt Paz Eki 4 01:39:39 +03 2020	6244632/8263311	~0.75570579396079852253
tki.txt Paz Eki 18 15:18:20 +03 2020	0/0	Error 10002
w4.txt Paz Eki 18 15:24:05 +03 2020	6280685/8263052	~0.76009263889420035115
w4.txt Pzt Eki 19 01:05:10 +03 2020	6313212/8262830	~0.76404960528051527140
w4.txt Pzt Eki 26 02:03:16 +03 2020	5776434/7467696	~0.77352291791203069863
w4.txt Pzt Eki 26 15:40:27 +03 2020	6425821/8260448	~0.77790223968482096855
w4.txt Çrş Eki 28 15:43:31 +03 2020	6482344/8259599	~0.78482551029414381981
w4.txt Prş Eki 29 14:41:22 +03 2020	6525973/8258743	~0.79018962086603251851
w4.txt Cts Eki 31 23:06:09 +03 2020	6540093/8258327	~0.79193921480706685507
w4.txt Paz Kas 1 02:44:18 +03 2020	6562675/8258048	~0.79470051518228036456
w4.txt Cum Kas 6 00:48:00 +03 2020	6592839/8257992	~0.79835860824277863190
w4.txt Cts Kas 7 01:48:48 +03 2020	6618897/8257662	~0.80154612770539651538
tki.txt Prş Mar 11 12:10:56 +03 2021	0/0	Error 10002
tki.txt Çrş May 12 20:41:02 +03 2021	723/1663	~0.43475646422128683103
tur.txt Çrş May 12 21:00:02 +03 2021	0/0	Error 10002
tur.txt Çrş May 12 21:00:27 +03 2021	0/0	Error 10002
tur.txt Çrş May 12 21:01:36 +03 2021	0/0	Error 10002
tur.txt Çrş May 12 21:02:07 +03 2021	0/0	Error 10002
tur-story Çrş May 12 21:03:17 +03 2021	0/0	Error 10002
tur-story Çrş May 12 21:05:24 +03 2021	320/324	~0.98765432098765432099
w1.txt Çrş May 12 21:08:10 +03 2021	284892/415582	~0.68552535961615276889
w2.txt Çrş May 12 21:08:49 +03 2021	16417/21260	~0.77220131702728127940
w3.txt Çrş May 12 21:09:22 +03 2021	127199/164609	~0.77273417613860724505
tur-story Paz May 16 22:11:08 +03 2021	320/324	~0.98765432098765432099
w1.txt Paz May 16 22:13:27 +03 2021	284904/415582	~0.68555423478398968194
w2.txt Paz May 16 22:13:55 +03 2021	16418/21260	~0.77224835371589840075
w3.txt Paz May 16 22:14:12 +03 2021	127642/164569	~0.77561387624643766444
w3.txt Paz May 16 22:28:57 +03 2021	127642/164569	~0.77561387624643766444
w3.txt Paz May 16 22:31:03 +03 2021	127642/164569	~0.77561387624643766444
w3.txt Paz May 16 23:34:43 +03 2021	127877/164455	~0.77758049314402116080
w3.txt Paz May 16 23:45:07 +03 2021	128063/164426	~0.77884884385681096664
w3.txt Paz May 16 23:51:33 +03 2021	128241/164401	~0.78004999969586559692
w3.txt Paz May 16 23:52:57 +03 2021	128308/164398	~0.78047178189515687539
w3.txt Paz May 16 23:58:29 +03 2021	128301/164396	~0.78043869680527506752
w3.txt Pzt May 17 00:01:32 +03 2021	128301/164396	~0.78043869680527506752
w3.txt Pzt May 17 00:02:12 +03 2021	128342/164371	~0.78080683332217970323
w3.txt Çrş May 19 12:22:38 +03 2021	128342/164371	~0.78080683332217970323
w3.txt Çrş May 19 12:29:21 +03 2021	128924/164371	~0.78434760389606439092
w3.txt Çrş May 19 12:38:18 +03 2021	129153/164361	~0.78578859948527935459
w3.txt Çrş May 19 12:41:32 +03 2021	129195/164361	~0.78604413455746801248
w3.txt Çrş May 19 12:49:51 +03 2021	129284/164346	~0.78665741788665376705
w3.txt Çrş May 19 13:09:12 +03 2021	129284/164346	~0.78665741788665376705
w3.txt Çrş May 19 13:16:42 +03 2021	129533/164330	~0.78824925454877380880
w3.txt Çrş May 19 13:23:14 +03 2021	129593/164330	~0.78861437351670419278
w3.txt Çrş May 19 13:23:54 +03 2021	129628/164310	~0.78892337654433692411
w3.txt Çrş May 19 14:03:49 +03 2021	129687/164310	~0.78928245389811940844
w3.txt Çrş May 19 14:05:32 +03 2021	129687/164310	~0.78928245389811940844
w3.txt Çrş May 19 14:15:03 +03 2021	130130/164676	~0.79021836818965726639
w3.txt Çrş May 19 14:23:44 +03 2021	130198/164676	~0.79063130025018824844
w3.txt Prş May 20 11:18:59 +03 2021	130198/164676	~0.79063130025018824844
w3.txt Prş May 20 12:09:29 +03 2021	130215/164641	~0.79090263057197174458
w3.txt Prş May 20 12:12:24 +03 2021	130259/164641	~0.79116987870579017377
w3.txt Prş May 20 12:46:40 +03 2021	130535/164605	~0.79301965310895780809
w3.txt Prş May 20 12:47:48 +03 2021	130535/164605	~0.79301965310895780809
w3.txt Prş May 20 12:48:46 +03 2021	130535/164605	~0.79301965310895780809
w3.txt Prş May 20 12:51:24 +03 2021	130535/164605	~0.79301965310895780809
w3.txt Prş May 20 12:52:16 +03 2021	130587/164605	~0.79333556088818687160
w3.txt Cum May 21 00:20:33 +03 2021	130780/164562	~0.79471566947411917697
w3.txt Cum May 21 00:27:02 +03 2021	130862/164562	~0.79521396191101226286
tki.txt Cum Haz 4 16:32:14 +03 2021	0/0	Error 10002
tki.txt Cum Haz 4 16:32:30 +03 2021	825/1674	~0.49283154121863799283
tur-story Sal Haz 8 22:33:51 +03 2021	320/324	~0.98765432098765432099
w1.txt Sal Haz 8 22:35:50 +03 2021	285658/415543	~0.68743306950183254200
w2.txt Sal Haz 8 22:36:14 +03 2021	16441/21259	~0.77336657415682769651
w3.txt Sal Haz 8 22:36:29 +03 2021	130951/164562	~0.79575479150715231949
w4.txt Sal Haz 8 22:43:44 +03 2021	6647113/8256833	~0.80504389515931834881
w4.txt Sal Haz 8 23:28:26 +03 2021	6654659/8256833	~0.80595780488717647553
w4.txt Çrş Haz 9 00:41:37 +03 2021	6657823/8255552	~0.80646612122363229012
w4.txt Çrş Haz 9 10:58:58 +03 2021	6658890/8254100	~0.80673725784761512460
w4.txt Çrş Haz 9 11:19:42 +03 2021	6661458/8251588	~0.80729406267011876987
w4.txt Çrş Haz 9 14:19:49 +03 2021	6667687/8251581	~0.80804963315514929806
w4.txt Prş Haz 10 12:00:39 +03 2021	6674094/8250059	~0.80897530550993635318
w4.txt Cum Haz 11 16:06:15 +03 2021	6673084/8241715	~0.80967177341123783096
tur-story Paz Oca 23 22:25:59 +03 2022	320/324	~0.98765432098765432099
wiki.txt Paz Oca 23 22:30:08 +03 2022	14652/18740	~0.78185699039487726788
wiki.txt Paz Oca 23 22:53:09 +03 2022	14651/18739	~0.78184534927157265596
wikiout.txt Paz Oca 23 22:53:40 +03 2022	14651/18729	~0.78226280100379091249
wikiout16.txt Paz Oca 23 23:16:24 +03 2022	14651/18441	~0.79447969199067295700
wikiout21.txt Pzt Oca 24 00:53:21 +03 2022	0/0	Error 10002
wikiout16.txt Pzt Oca 24 00:55:27 +03 2022	0/0	Error 10002
wikiout16.txt Pzt Oca 24 14:13:20 +03 2022	0/0	Error 10002
wiki.txt Pzt Oca 24 14:20:00 +03 2022	0/0	Error 10002
wiki.txt Pzt Oca 24 14:21:11 +03 2022	14651/18739	~0.78184534927157265596
wikiout.txt Pzt Oca 24 14:23:26 +03 2022	0/0	Error 10002
wikiout.txt Pzt Oca 24 14:24:25 +03 2022	14651/18684	~0.78414686362663241276
wikiout15.txt Pzt Oca 24 14:32:14 +03 2022	14651/18390	~0.79668297988036976618
wikiout20.txt Pzt Oca 24 17:55:59 +03 2022	14651/18321	~0.79968342339391954588
wikiout21.txt Pzt Oca 24 18:02:10 +03 2022	14651/18312	~0.80007645259938837920
wikiout26.txt Pzt Oca 24 18:08:01 +03 2022	14651/18276	~0.80165244035894068724
wikiout27.txt Pzt Oca 24 18:23:15 +03 2022	14651/18265	~0.80213523131672597865
